Build started 7/17/2015 3:00:46 PM.
     1>Project "C:\Users\czarek\documents\visual studio 2010\Projects\OpenGL RTS Map Gen\OpenGL RTS Map Gen\OpenGL RTS Map Gen.vcxproj" on node 2 (build target(s)).
     1>InitializeBuildStatus:
         Creating "Debug\OpenGL RTS Map Gen.unsuccessfulbuild" because "AlwaysCreate" was specified.
       ClCompile:
         All outputs are up-to-date.
         C:\Program Files (x86)\Microsoft Visual Studio 10.0\VC\bin\CL.exe /c /ZI /nologo /W3 /WX- /Od /Oy- /D WIN32 /D _DEBUG /D _CONSOLE /D _UNICODE /D UNICODE /Gm /EHsc /RTC1 /MDd /GS /fp:precise /Zc:wchar_t /Zc:forScope /Yu"StdAfx.h" /Fp"Debug\OpenGL RTS Map Gen.pch" /Fo"Debug\\" /Fd"Debug\vc100.pdb" /Gd /TP /analyze- /errorReport:prompt Terrain.cpp
         Terrain.cpp
     1>c:\users\czarek\documents\visual studio 2010\projects\opengl rts map gen\opengl rts map gen\terrain.cpp(21): warning C4244: 'initializing' : conversion from 'int' to 'float', possible loss of data
     1>c:\users\czarek\documents\visual studio 2010\projects\opengl rts map gen\opengl rts map gen\terrain.cpp(21): warning C4244: 'initializing' : conversion from 'int' to 'float', possible loss of data
       Link:
         C:\Program Files (x86)\Microsoft Visual Studio 10.0\VC\bin\link.exe /ERRORREPORT:PROMPT /OUT:"C:\Users\czarek\documents\visual studio 2010\Projects\OpenGL RTS Map Gen\Debug\OpenGL RTS Map Gen.exe" /INCREMENTAL:NO /NOLOGO SOIL.lib glew32.lib kernel32.lib user32.lib gdi32.lib winspool.lib comdlg32.lib advapi32.lib shell32.lib ole32.lib oleaut32.lib uuid.lib odbc32.lib odbccp32.lib /MANIFEST /ManifestFile:"Debug\OpenGL RTS Map Gen.exe.intermediate.manifest" /MANIFESTUAC:"level='asInvoker' uiAccess='false'" /DEBUG /PDB:"C:\Users\czarek\documents\visual studio 2010\Projects\OpenGL RTS Map Gen\Debug\OpenGL RTS Map Gen.pdb" /SUBSYSTEM:CONSOLE /TLBID:1 /DYNAMICBASE /NXCOMPAT /IMPLIB:"C:\Users\czarek\documents\visual studio 2010\Projects\OpenGL RTS Map Gen\Debug\OpenGL RTS Map Gen.lib" /MACHINE:X86 "Debug\OpenGL RTS Map Gen.obj"
         Debug\ShaderLoader.obj
         Debug\stdafx.obj
         Debug\Terrain.obj
     1>OpenGL RTS Map Gen.obj : warning LNK4075: ignoring '/EDITANDCONTINUE' due to '/INCREMENTAL:NO' specification
         OpenGL RTS Map Gen.vcxproj -> C:\Users\czarek\documents\visual studio 2010\Projects\OpenGL RTS Map Gen\Debug\OpenGL RTS Map Gen.exe
       Manifest:
         C:\Program Files (x86)\Microsoft SDKs\Windows\v7.0A\bin\mt.exe /nologo /verbose /outputresource:"C:\Users\czarek\documents\visual studio 2010\Projects\OpenGL RTS Map Gen\Debug\OpenGL RTS Map Gen.exe;#1" /manifest "Debug\OpenGL RTS Map Gen.exe.intermediate.manifest"
       FinalizeBuildStatus:
         Deleting file "Debug\OpenGL RTS Map Gen.unsuccessfulbuild".
         Touching "Debug\OpenGL RTS Map Gen.lastbuildstate".
     1>Done Building Project "C:\Users\czarek\documents\visual studio 2010\Projects\OpenGL RTS Map Gen\OpenGL RTS Map Gen\OpenGL RTS Map Gen.vcxproj" (build target(s)).

Build succeeded.

Time Elapsed 00:00:01.17
