C:\USERS\CZAREK\DOCUMENTS\VISUAL STUDIO 2010\PROJECTS\OPENGL RTS MAP GEN\DEBUG\OPENGL RTS MAP GEN.EXE
C:\USERS\CZAREK\DOCUMENTS\VISUAL STUDIO 2010\PROJECTS\OPENGL RTS MAP GEN\DEBUG\OPENGL RTS MAP GEN.PDB
C:\Users\czarek\documents\visual studio 2010\Projects\OpenGL RTS Map Gen\OpenGL RTS Map Gen\Debug\cl.command.1.tlog
C:\Users\czarek\documents\visual studio 2010\Projects\OpenGL RTS Map Gen\OpenGL RTS Map Gen\Debug\CL.read.1.tlog
C:\Users\czarek\documents\visual studio 2010\Projects\OpenGL RTS Map Gen\OpenGL RTS Map Gen\Debug\CL.write.1.tlog
C:\Users\czarek\documents\visual studio 2010\Projects\OpenGL RTS Map Gen\OpenGL RTS Map Gen\Debug\link.command.1.tlog
C:\Users\czarek\documents\visual studio 2010\Projects\OpenGL RTS Map Gen\OpenGL RTS Map Gen\Debug\link.read.1.tlog
C:\Users\czarek\documents\visual studio 2010\Projects\OpenGL RTS Map Gen\OpenGL RTS Map Gen\Debug\link.write.1.tlog
C:\Users\czarek\documents\visual studio 2010\Projects\OpenGL RTS Map Gen\OpenGL RTS Map Gen\Debug\mt.command.1.tlog
C:\Users\czarek\documents\visual studio 2010\Projects\OpenGL RTS Map Gen\OpenGL RTS Map Gen\Debug\mt.read.1.tlog
C:\Users\czarek\documents\visual studio 2010\Projects\OpenGL RTS Map Gen\OpenGL RTS Map Gen\Debug\mt.write.1.tlog
C:\USERS\CZAREK\DOCUMENTS\VISUAL STUDIO 2010\PROJECTS\OPENGL RTS MAP GEN\OPENGL RTS MAP GEN\DEBUG\OPENGL RTS MAP GEN.EXE.INTERMEDIATE.MANIFEST
C:\USERS\CZAREK\DOCUMENTS\VISUAL STUDIO 2010\PROJECTS\OPENGL RTS MAP GEN\OPENGL RTS MAP GEN\DEBUG\OPENGL RTS MAP GEN.OBJ
C:\USERS\CZAREK\DOCUMENTS\VISUAL STUDIO 2010\PROJECTS\OPENGL RTS MAP GEN\OPENGL RTS MAP GEN\DEBUG\OPENGL RTS MAP GEN.PCH
C:\Users\czarek\documents\visual studio 2010\Projects\OpenGL RTS Map Gen\OpenGL RTS Map Gen\Debug\OpenGL RTS Map Gen.write.1.tlog
C:\USERS\CZAREK\DOCUMENTS\VISUAL STUDIO 2010\PROJECTS\OPENGL RTS MAP GEN\OPENGL RTS MAP GEN\DEBUG\SHADERLOADER.OBJ
C:\USERS\CZAREK\DOCUMENTS\VISUAL STUDIO 2010\PROJECTS\OPENGL RTS MAP GEN\OPENGL RTS MAP GEN\DEBUG\STDAFX.OBJ
C:\USERS\CZAREK\DOCUMENTS\VISUAL STUDIO 2010\PROJECTS\OPENGL RTS MAP GEN\OPENGL RTS MAP GEN\DEBUG\TERRAIN.OBJ
C:\Users\czarek\documents\visual studio 2010\Projects\OpenGL RTS Map Gen\OpenGL RTS Map Gen\Debug\vc100.idb
C:\USERS\CZAREK\DOCUMENTS\VISUAL STUDIO 2010\PROJECTS\OPENGL RTS MAP GEN\OPENGL RTS MAP GEN\DEBUG\VC100.PDB
